fev. 17, 2026 2:07:49 AM liquibase.database
INFORMAÇÕES: Set default schema name to public
fev. 17, 2026 2:07:50 AM liquibase.command
INFORMAÇÕES: Logging exception.
ERROR: Exception Details
ERROR: Exception Primary Class:  ChangeLogParseException
ERROR: Exception Primary Reason:  Could not find databaseChangeLog node
ERROR: Exception Primary Source:  5.0.1
fev. 17, 2026 2:07:50 AM liquibase.command
INFORMAÇÕES: Command execution complete
liquibase.exception.CommandExecutionException: liquibase.exception.ChangeLogParseException: Could not find databaseChangeLog node
	at liquibase.command.CommandScope.lambda$execute$6(CommandScope.java:310)
	at liquibase.Scope.child(Scope.java:223)
	at liquibase.Scope.child(Scope.java:199)
	at liquibase.command.CommandScope.execute(CommandScope.java:251)
	at liquibase.Liquibase.lambda$update$0(Liquibase.java:216)
	at liquibase.Scope.lambda$child$0(Scope.java:214)
	at liquibase.Scope.child(Scope.java:223)
	at liquibase.Scope.child(Scope.java:213)
	at liquibase.Scope.child(Scope.java:192)
	at liquibase.Liquibase.runInScope(Liquibase.java:1366)
	at liquibase.Liquibase.update(Liquibase.java:205)
	at liquibase.Liquibase.update(Liquibase.java:188)
	at liquibase.Liquibase.update(Liquibase.java:175)
	at liquibase.Liquibase.update(Liquibase.java:155)
	at br.com.dio.persistence.migration.MigrationStrategy.executeMigration(MigrationStrategy.java:39)
	at br.com.dio.Main.main(Main.java:13)
Caused by: liquibase.exception.ChangeLogParseException: Could not find databaseChangeLog node
	at liquibase.parser.core.yaml.YamlChangeLogParser.parse(YamlChangeLogParser.java:50)
	at liquibase.command.core.helpers.DatabaseChangelogCommandStep.lambda$getDatabaseChangeLog$0(DatabaseChangelogCommandStep.java:143)
	at liquibase.Scope.lambda$child$0(Scope.java:214)
	at liquibase.Scope.child(Scope.java:223)
	at liquibase.Scope.child(Scope.java:213)
	at liquibase.Scope.child(Scope.java:192)
	at liquibase.Scope.child(Scope.java:280)
	at liquibase.Scope.child(Scope.java:284)
	at liquibase.command.core.helpers.DatabaseChangelogCommandStep.getDatabaseChangeLog(DatabaseChangelogCommandStep.java:138)
	at liquibase.command.core.helpers.DatabaseChangelogCommandStep.run(DatabaseChangelogCommandStep.java:84)
	at liquibase.command.CommandScope.lambda$execute$6(CommandScope.java:263)
	... 15 more
